<?xml version="1.0" encoding="UTF-8"?>
<!-- Generated by org.testng.reporters.JUnitXMLReporter -->
<testsuite ignored="1" hostname="Mahesh" failures="0" tests="1" name="Default test" time="79.294" errors="0" timestamp="2026-02-09T22:39:41 IST">
  <testcase classname="com.orangehrm.test.LoginPageTest" name="verifyValidLoginTest" time="25.775"/>
  <testcase classname="com.orangehrm.test.LoginPageTest" name="invalidLoginTest" time="0.0">
    <ignored/>
  </testcase> <!-- invalidLoginTest -->
</testsuite> <!-- Default test -->
