<?xml version="1.0" encoding="UTF-8"?>
<!-- Generated by org.testng.reporters.JUnitXMLReporter -->
<testsuite ignored="1" hostname="Mahesh" failures="0" tests="2" name="OrangeHRMTest" time="13.888" errors="0" timestamp="2025-11-10T20:00:47 IST">
  <testcase classname="com.orangehrm.test.DummyTest" name="test" time="0.02"/>
  <testcase classname="com.orangehrm.test.DummyTest2" name="test" time="0.013"/>
  <testcase classname="com.orangehrm.base.BaseClass" name="@BeforeSuite loadConfig" time="0.0">
    <ignored/>
  </testcase> <!-- @BeforeSuite loadConfig -->
</testsuite> <!-- OrangeHRMTest -->
