<?xml version="1.0" encoding="UTF-8"?>
<!-- Generated by org.testng.reporters.JUnitXMLReporter -->
<testsuite ignored="4" hostname="Mahesh" failures="1" tests="10" name="OrangeHRMTest" time="94.955" errors="0" timestamp="2026-03-03T15:56:01 IST">
  <testcase classname="com.orangehrm.test.ApiTest" name="verifyGetUserApi" time="6.997"/>
  <testcase classname="com.orangehrm.test.DummyClass2" name="dummytest2" time="0.03"/>
  <testcase classname="com.orangehrm.test.DummyClass" name="dummyTest" time="0.21">
    <skipped/>
  </testcase> <!-- dummyTest -->
  <testcase classname="com.orangehrm.test.LoginPageTest" name="invalidLoginTest" time="7.217">
    <skipped/>
  </testcase> <!-- invalidLoginTest -->
  <testcase classname="com.orangehrm.test.LoginPageTest" name="invalidLoginTest" time="5.845">
    <skipped/>
  </testcase> <!-- invalidLoginTest -->
  <testcase classname="com.orangehrm.test.HomePageTest" name="verifyOrangeHRMLogo" time="20.777"/>
  <testcase classname="com.orangehrm.test.LoginPageTest" name="invalidLoginTest" time="15.073">
    <failure type="java.lang.AssertionError" message="Test Failed: The expected error message &amp;apos;Invalid credentials1&amp;apos; was not displayed. expected [true] but found [false]">
      <![CDATA[java.lang.AssertionError: Test Failed: The expected error message 'Invalid credentials1' was not displayed. expected [true] but found [false]
at com.orangehrm.test.LoginPageTest.invalidLoginTest(LoginPageTest.java:50)
at java.base/java.util.concurrent.Executors$RunnableAdapter.call(Executors.java:572)
at java.base/java.util.concurrent.FutureTask.run(FutureTask.java:317)
at java.base/java.util.concurrent.ThreadPoolExecutor.runWorker(ThreadPoolExecutor.java:1144)
at java.base/java.util.concurrent.ThreadPoolExecutor$Worker.run(ThreadPoolExecutor.java:642)
at java.base/java.lang.Thread.run(Thread.java:1583)
... Removed 14 stack frames]]>
    </failure>
  </testcase> <!-- invalidLoginTest -->
  <testcase classname="com.orangehrm.test.DBVerificationTest" name="verifyEmployeeNameVerificationFromDB" time="62.576">
    <skipped/>
  </testcase> <!-- verifyEmployeeNameVerificationFromDB -->
  <testcase classname="com.orangehrm.test.LoginPageTest" name="verifyValidLoginTest" time="21.054"/>
  <testcase classname="com.orangehrm.test.DBVerificationTest" name="verifyEmployeeNameVerificationFromDB" time="15.129"/>
  <testcase classname="com.orangehrm.base.BaseClass" name="@BeforeSuite loadConfig" time="0.0">
    <ignored/>
  </testcase> <!-- @BeforeSuite loadConfig -->
  <testcase classname="com.orangehrm.base.BaseClass" name="@BeforeSuite loadConfig" time="0.0">
    <ignored/>
  </testcase> <!-- @BeforeSuite loadConfig -->
  <testcase classname="com.orangehrm.base.BaseClass" name="@BeforeSuite loadConfig" time="0.0">
    <ignored/>
  </testcase> <!-- @BeforeSuite loadConfig -->
  <testcase classname="com.orangehrm.base.BaseClass" name="@BeforeSuite loadConfig" time="0.0">
    <ignored/>
  </testcase> <!-- @BeforeSuite loadConfig -->
</testsuite> <!-- OrangeHRMTest -->
