<?xml version="1.0" encoding="UTF-8"?>
<!-- Generated by org.testng.reporters.JUnitXMLReporter -->
<testsuite ignored="1" hostname="Mahesh" failures="0" tests="2" name="OrangeHRMTest" time="11.411" errors="0" timestamp="2025-11-17T07:28:48 IST">
  <testcase classname="com.orangehrm.test.DummyClass" name="dummyTest" time="0.017"/>
  <testcase classname="com.orangehrm.test.DummyClass2" name="test" time="0.007"/>
  <testcase classname="com.orangehrm.base.BaseClass" name="@BeforeSuite loadConfig" time="0.0">
    <ignored/>
  </testcase> <!-- @BeforeSuite loadConfig -->
</testsuite> <!-- OrangeHRMTest -->
