<?xml version="1.0" encoding="UTF-8"?>
<!-- Generated by org.testng.reporters.JUnitXMLReporter -->
<testsuite ignored="3" hostname="Mahesh" failures="1" tests="5" name="OrangeHRMTest" time="105.723" errors="0" timestamp="2026-02-11T07:35:40 IST">
  <testcase classname="com.orangehrm.test.DummyClass2" name="test" time="0.072"/>
  <testcase classname="com.orangehrm.test.HomePageTest" name="verifyOrangeHRMLogo" time="64.319"/>
  <testcase classname="com.orangehrm.test.LoginPageTest" name="verifyValidLoginTest" time="68.158"/>
  <testcase classname="com.orangehrm.test.DummyClass" name="dummyTest" time="79.093"/>
  <testcase classname="com.orangehrm.test.LoginPageTest" name="invalidLoginTest" time="14.68">
    <failure type="java.lang.AssertionError" message="Test Failed: The expected error message &amp;apos;Invalid credentials1&amp;apos; was not displayed. expected [true] but found [false]">
      <![CDATA[java.lang.AssertionError: Test Failed: The expected error message 'Invalid credentials1' was not displayed. expected [true] but found [false]
at com.orangehrm.test.LoginPageTest.invalidLoginTest(LoginPageTest.java:44)
at java.base/java.util.concurrent.Executors$RunnableAdapter.call(Executors.java:572)
at java.base/java.util.concurrent.FutureTask.run(FutureTask.java:317)
at java.base/java.util.concurrent.ThreadPoolExecutor.runWorker(ThreadPoolExecutor.java:1144)
at java.base/java.util.concurrent.ThreadPoolExecutor$Worker.run(ThreadPoolExecutor.java:642)
at java.base/java.lang.Thread.run(Thread.java:1583)
... Removed 14 stack frames]]>
    </failure>
  </testcase> <!-- invalidLoginTest -->
  <testcase classname="com.orangehrm.base.BaseClass" name="@BeforeSuite loadConfig" time="0.0">
    <ignored/>
  </testcase> <!-- @BeforeSuite loadConfig -->
  <testcase classname="com.orangehrm.base.BaseClass" name="@BeforeSuite loadConfig" time="0.0">
    <ignored/>
  </testcase> <!-- @BeforeSuite loadConfig -->
  <testcase classname="com.orangehrm.base.BaseClass" name="@BeforeSuite loadConfig" time="0.0">
    <ignored/>
  </testcase> <!-- @BeforeSuite loadConfig -->
</testsuite> <!-- OrangeHRMTest -->
