<?xml version="1.0" encoding="UTF-8"?>
<testng-results ignored="0" total="4" passed="4" failed="0" skipped="0">
  <reporter-output>
  </reporter-output>
  <suite started-at="2025-11-17T07:28:37 IST" name="OrangeHRMSuite" finished-at="2025-11-17T07:28:59 IST" duration-ms="21621">
    <groups>
    </groups>
    <test started-at="2025-11-17T07:28:37 IST" name="OrangeHRMTest" finished-at="2025-11-17T07:28:48 IST" duration-ms="11411">
      <class name="com.orangehrm.test.DummyClass">
        <test-method is-config="true" signature="setup()[pri:0, instance:com.orangehrm.test.DummyClass@38afe297]" started-at="2025-11-17T07:28:37 IST" name="setup" finished-at="2025-11-17T07:28:43 IST" duration-ms="6530" status="PASS">
          <reporter-output>
          </reporter-output>
        </test-method> <!-- setup -->
        <test-method signature="dummyTest()[pri:0, instance:com.orangehrm.test.DummyClass@38afe297]" started-at="2025-11-17T07:28:43 IST" name="dummyTest" finished-at="2025-11-17T07:28:43 IST" duration-ms="17" status="PASS">
          <reporter-output>
          </reporter-output>
        </test-method> <!-- dummyTest -->
        <test-method is-config="true" signature="tearDown()[pri:0, instance:com.orangehrm.test.DummyClass@38afe297]" started-at="2025-11-17T07:28:43 IST" name="tearDown" finished-at="2025-11-17T07:28:44 IST" duration-ms="190" status="PASS">
          <reporter-output>
          </reporter-output>
        </test-method> <!-- tearDown -->
      </class> <!-- com.orangehrm.test.DummyClass -->
      <class name="com.orangehrm.test.DummyClass2">
        <test-method is-config="true" signature="setup()[pri:0, instance:com.orangehrm.test.DummyClass2@20d525]" started-at="2025-11-17T07:28:44 IST" name="setup" finished-at="2025-11-17T07:28:48 IST" duration-ms="4488" status="PASS">
          <reporter-output>
          </reporter-output>
        </test-method> <!-- setup -->
        <test-method signature="test()[pri:0, instance:com.orangehrm.test.DummyClass2@20d525]" started-at="2025-11-17T07:28:48 IST" name="test" finished-at="2025-11-17T07:28:48 IST" duration-ms="7" status="PASS">
          <reporter-output>
          </reporter-output>
        </test-method> <!-- test -->
        <test-method is-config="true" signature="tearDown()[pri:0, instance:com.orangehrm.test.DummyClass2@20d525]" started-at="2025-11-17T07:28:48 IST" name="tearDown" finished-at="2025-11-17T07:28:48 IST" duration-ms="150" status="PASS">
          <reporter-output>
          </reporter-output>
        </test-method> <!-- tearDown -->
      </class> <!-- com.orangehrm.test.DummyClass2 -->
    </test> <!-- OrangeHRMTest -->
    <test started-at="2025-11-17T07:28:48 IST" name="OrangeHRMTest1" finished-at="2025-11-17T07:28:59 IST" duration-ms="10162">
      <class name="com.orangehrm.test.DummyClass">
        <test-method is-config="true" signature="loadConfig()[pri:0, instance:com.orangehrm.test.DummyClass@291b4bf5]" started-at="2025-11-17T07:28:37 IST" name="loadConfig" finished-at="2025-11-17T07:28:37 IST" duration-ms="8" status="PASS">
          <reporter-output>
          </reporter-output>
        </test-method> <!-- loadConfig -->
        <test-method is-config="true" signature="setup()[pri:0, instance:com.orangehrm.test.DummyClass@291b4bf5]" started-at="2025-11-17T07:28:48 IST" name="setup" finished-at="2025-11-17T07:28:54 IST" duration-ms="5199" status="PASS">
          <reporter-output>
          </reporter-output>
        </test-method> <!-- setup -->
        <test-method signature="dummyTest()[pri:0, instance:com.orangehrm.test.DummyClass@291b4bf5]" started-at="2025-11-17T07:28:54 IST" name="dummyTest" finished-at="2025-11-17T07:28:54 IST" duration-ms="7" status="PASS">
          <reporter-output>
          </reporter-output>
        </test-method> <!-- dummyTest -->
        <test-method is-config="true" signature="tearDown()[pri:0, instance:com.orangehrm.test.DummyClass@291b4bf5]" started-at="2025-11-17T07:28:54 IST" name="tearDown" finished-at="2025-11-17T07:28:54 IST" duration-ms="482" status="PASS">
          <reporter-output>
          </reporter-output>
        </test-method> <!-- tearDown -->
      </class> <!-- com.orangehrm.test.DummyClass -->
      <class name="com.orangehrm.test.DummyClass2">
        <test-method is-config="true" signature="setup()[pri:0, instance:com.orangehrm.test.DummyClass2@2d2ffcb7]" started-at="2025-11-17T07:28:54 IST" name="setup" finished-at="2025-11-17T07:28:58 IST" duration-ms="4292" status="PASS">
          <reporter-output>
          </reporter-output>
        </test-method> <!-- setup -->
        <test-method signature="test()[pri:0, instance:com.orangehrm.test.DummyClass2@2d2ffcb7]" started-at="2025-11-17T07:28:58 IST" name="test" finished-at="2025-11-17T07:28:58 IST" duration-ms="9" status="PASS">
          <reporter-output>
          </reporter-output>
        </test-method> <!-- test -->
        <test-method is-config="true" signature="tearDown()[pri:0, instance:com.orangehrm.test.DummyClass2@2d2ffcb7]" started-at="2025-11-17T07:28:58 IST" name="tearDown" finished-at="2025-11-17T07:28:59 IST" duration-ms="167" status="PASS">
          <reporter-output>
          </reporter-output>
        </test-method> <!-- tearDown -->
      </class> <!-- com.orangehrm.test.DummyClass2 -->
    </test> <!-- OrangeHRMTest1 -->
  </suite> <!-- OrangeHRMSuite -->
</testng-results>
