<?xml version="1.0" encoding="UTF-8"?>
<testng-results ignored="0" total="2" passed="2" failed="0" skipped="0">
  <reporter-output>
  </reporter-output>
  <suite started-at="2025-11-20T08:22:23 IST" name="OrangeHRMSuite" finished-at="2025-11-20T08:22:35 IST" duration-ms="11828">
    <groups>
    </groups>
    <test started-at="2025-11-20T08:22:23 IST" name="OrangeHRMTest" finished-at="2025-11-20T08:22:35 IST" duration-ms="11828">
      <class name="com.orangehrm.test.DummyClass">
        <test-method is-config="true" signature="loadConfig()[pri:0, instance:com.orangehrm.test.DummyClass@7c9d8e2]" started-at="2025-11-20T08:22:23 IST" name="loadConfig" finished-at="2025-11-20T08:22:23 IST" duration-ms="10" status="PASS">
          <reporter-output>
          </reporter-output>
        </test-method> <!-- loadConfig -->
        <test-method is-config="true" signature="setup()[pri:0, instance:com.orangehrm.test.DummyClass@7c9d8e2]" started-at="2025-11-20T08:22:23 IST" name="setup" finished-at="2025-11-20T08:22:29 IST" duration-ms="6255" status="PASS">
          <reporter-output>
          </reporter-output>
        </test-method> <!-- setup -->
        <test-method signature="dummyTest()[pri:0, instance:com.orangehrm.test.DummyClass@7c9d8e2]" started-at="2025-11-20T08:22:29 IST" name="dummyTest" finished-at="2025-11-20T08:22:29 IST" duration-ms="14" status="PASS">
          <reporter-output>
          </reporter-output>
        </test-method> <!-- dummyTest -->
        <test-method is-config="true" signature="tearDown()[pri:0, instance:com.orangehrm.test.DummyClass@7c9d8e2]" started-at="2025-11-20T08:22:29 IST" name="tearDown" finished-at="2025-11-20T08:22:29 IST" duration-ms="134" status="PASS">
          <reporter-output>
          </reporter-output>
        </test-method> <!-- tearDown -->
      </class> <!-- com.orangehrm.test.DummyClass -->
      <class name="com.orangehrm.test.DummyClass2">
        <test-method is-config="true" signature="setup()[pri:0, instance:com.orangehrm.test.DummyClass2@ae13544]" started-at="2025-11-20T08:22:29 IST" name="setup" finished-at="2025-11-20T08:22:34 IST" duration-ms="5248" status="PASS">
          <reporter-output>
          </reporter-output>
        </test-method> <!-- setup -->
        <test-method signature="test()[pri:0, instance:com.orangehrm.test.DummyClass2@ae13544]" started-at="2025-11-20T08:22:34 IST" name="test" finished-at="2025-11-20T08:22:34 IST" duration-ms="7" status="PASS">
          <reporter-output>
          </reporter-output>
        </test-method> <!-- test -->
        <test-method is-config="true" signature="tearDown()[pri:0, instance:com.orangehrm.test.DummyClass2@ae13544]" started-at="2025-11-20T08:22:34 IST" name="tearDown" finished-at="2025-11-20T08:22:35 IST" duration-ms="141" status="PASS">
          <reporter-output>
          </reporter-output>
        </test-method> <!-- tearDown -->
      </class> <!-- com.orangehrm.test.DummyClass2 -->
    </test> <!-- OrangeHRMTest -->
  </suite> <!-- OrangeHRMSuite -->
</testng-results>
