<?xml version="1.0" encoding="UTF-8"?>
<testng-results ignored="0" total="1" passed="1" failed="0" skipped="0">
  <reporter-output>
  </reporter-output>
  <suite started-at="2025-11-13T07:35:02 IST" name="Default suite" finished-at="2025-11-13T07:35:20 IST" duration-ms="18507">
    <groups>
    </groups>
    <test started-at="2025-11-13T07:35:02 IST" name="Default test" finished-at="2025-11-13T07:35:20 IST" duration-ms="18507">
      <class name="com.orangehrm.test.DummyTest">
        <test-method is-config="true" signature="loadConfig()[pri:0, instance:com.orangehrm.test.DummyTest@6200f9cb]" started-at="2025-11-13T07:35:02 IST" name="loadConfig" finished-at="2025-11-13T07:35:02 IST" duration-ms="31" status="PASS">
          <reporter-output>
          </reporter-output>
        </test-method> <!-- loadConfig -->
        <test-method is-config="true" signature="setup()[pri:0, instance:com.orangehrm.test.DummyTest@6200f9cb]" started-at="2025-11-13T07:35:02 IST" name="setup" finished-at="2025-11-13T07:35:19 IST" duration-ms="17688" status="PASS">
          <reporter-output>
          </reporter-output>
        </test-method> <!-- setup -->
        <test-method signature="test()[pri:0, instance:com.orangehrm.test.DummyTest@6200f9cb]" started-at="2025-11-13T07:35:19 IST" name="test" finished-at="2025-11-13T07:35:20 IST" duration-ms="196" status="PASS">
          <reporter-output>
          </reporter-output>
        </test-method> <!-- test -->
        <test-method is-config="true" signature="tearDown()[pri:0, instance:com.orangehrm.test.DummyTest@6200f9cb]" started-at="2025-11-13T07:35:20 IST" name="tearDown" finished-at="2025-11-13T07:35:20 IST" duration-ms="532" status="PASS">
          <reporter-output>
          </reporter-output>
        </test-method> <!-- tearDown -->
      </class> <!-- com.orangehrm.test.DummyTest -->
    </test> <!-- Default test -->
  </suite> <!-- Default suite -->
</testng-results>
