<?xml version="1.0" encoding="UTF-8"?>
<testng-results ignored="0" total="1" passed="1" failed="0" skipped="0">
  <reporter-output>
  </reporter-output>
  <suite started-at="2025-11-10T15:28:19 IST" name="Default suite" finished-at="2025-11-10T15:28:28 IST" duration-ms="8792">
    <groups>
    </groups>
    <test started-at="2025-11-10T15:28:19 IST" name="Default test" finished-at="2025-11-10T15:28:28 IST" duration-ms="8792">
      <class name="com.orangehrm.test.DummyTest">
        <test-method is-config="true" signature="setUp()[pri:0, instance:com.orangehrm.test.DummyTest@55182842]" started-at="2025-11-10T15:28:19 IST" name="setUp" finished-at="2025-11-10T15:28:27 IST" duration-ms="8015" status="PASS">
          <reporter-output>
          </reporter-output>
        </test-method> <!-- setUp -->
        <test-method signature="test()[pri:0, instance:com.orangehrm.test.DummyTest@55182842]" started-at="2025-11-10T15:28:27 IST" name="test" finished-at="2025-11-10T15:28:27 IST" duration-ms="48" status="PASS">
          <reporter-output>
          </reporter-output>
        </test-method> <!-- test -->
        <test-method is-config="true" signature="tearDown()[pri:0, instance:com.orangehrm.test.DummyTest@55182842]" started-at="2025-11-10T15:28:27 IST" name="tearDown" finished-at="2025-11-10T15:28:28 IST" duration-ms="634" status="PASS">
          <reporter-output>
          </reporter-output>
        </test-method> <!-- tearDown -->
      </class> <!-- com.orangehrm.test.DummyTest -->
    </test> <!-- Default test -->
  </suite> <!-- Default suite -->
</testng-results>
