<?xml version="1.0" encoding="UTF-8"?>
<testng-results ignored="0" total="1" passed="1" failed="0" skipped="0">
  <reporter-output>
  </reporter-output>
  <suite started-at="2025-11-20T11:18:26 IST" name="OrangeHRMSuite" finished-at="2025-11-20T11:18:43 IST" duration-ms="17217">
    <groups>
    </groups>
    <test started-at="2025-11-20T11:18:26 IST" name="OrangeHRMTest" finished-at="2025-11-20T11:18:43 IST" duration-ms="17217">
      <class name="com.orangehrm.test.LoginPageTest">
        <test-method is-config="true" signature="loadConfig()[pri:0, instance:com.orangehrm.test.LoginPageTest@2df3b89c]" started-at="2025-11-20T11:18:26 IST" name="loadConfig" finished-at="2025-11-20T11:18:26 IST" duration-ms="12" status="PASS">
          <reporter-output>
          </reporter-output>
        </test-method> <!-- loadConfig -->
        <test-method is-config="true" signature="setup()[pri:0, instance:com.orangehrm.test.LoginPageTest@2df3b89c]" started-at="2025-11-20T11:18:26 IST" name="setup" finished-at="2025-11-20T11:18:33 IST" duration-ms="7873" status="PASS">
          <reporter-output>
          </reporter-output>
        </test-method> <!-- setup -->
        <test-method is-config="true" signature="setupPages()[pri:0, instance:com.orangehrm.test.LoginPageTest@2df3b89c]" started-at="2025-11-20T11:18:33 IST" name="setupPages" finished-at="2025-11-20T11:18:34 IST" duration-ms="38" status="PASS">
          <reporter-output>
          </reporter-output>
        </test-method> <!-- setupPages -->
        <test-method signature="verifyValidLoginTest()[pri:0, instance:com.orangehrm.test.LoginPageTest@2df3b89c]" started-at="2025-11-20T11:18:34 IST" name="verifyValidLoginTest" finished-at="2025-11-20T11:18:43 IST" duration-ms="8986" status="PASS">
          <reporter-output>
          </reporter-output>
        </test-method> <!-- verifyValidLoginTest -->
        <test-method is-config="true" signature="tearDown()[pri:0, instance:com.orangehrm.test.LoginPageTest@2df3b89c]" started-at="2025-11-20T11:18:43 IST" name="tearDown" finished-at="2025-11-20T11:18:43 IST" duration-ms="280" status="PASS">
          <reporter-output>
          </reporter-output>
        </test-method> <!-- tearDown -->
      </class> <!-- com.orangehrm.test.LoginPageTest -->
    </test> <!-- OrangeHRMTest -->
  </suite> <!-- OrangeHRMSuite -->
</testng-results>
