<?xml version="1.0" encoding="UTF-8"?>
<testng-results ignored="0" total="5" passed="4" failed="1" skipped="0">
  <reporter-output>
  </reporter-output>
  <suite started-at="2026-02-11T07:33:54 IST" name="OrangeHRMSuite" finished-at="2026-02-11T07:35:40 IST" duration-ms="105723">
    <groups>
    </groups>
    <test started-at="2026-02-11T07:33:54 IST" name="OrangeHRMTest" finished-at="2026-02-11T07:35:40 IST" duration-ms="105723">
      <class name="com.orangehrm.test.HomePageTest">
        <test-method is-config="true" signature="setup()[pri:0, instance:com.orangehrm.test.HomePageTest@1522d8a0]" started-at="2026-02-11T07:33:55 IST" name="setup" finished-at="2026-02-11T07:34:06 IST" duration-ms="11358" status="PASS">
          <reporter-output>
          </reporter-output>
        </test-method> <!-- setup -->
        <test-method is-config="true" signature="setupPages()[pri:0, instance:com.orangehrm.test.HomePageTest@1522d8a0]" started-at="2026-02-11T07:34:06 IST" name="setupPages" finished-at="2026-02-11T07:34:06 IST" duration-ms="121" status="PASS">
          <reporter-output>
          </reporter-output>
        </test-method> <!-- setupPages -->
        <test-method signature="verifyOrangeHRMLogo()[pri:0, instance:com.orangehrm.test.HomePageTest@1522d8a0]" started-at="2026-02-11T07:34:06 IST" name="verifyOrangeHRMLogo" description="Verify OrangeHRM Logo visibility on Home Page" finished-at="2026-02-11T07:35:10 IST" duration-ms="64319" status="PASS">
          <reporter-output>
          </reporter-output>
        </test-method> <!-- verifyOrangeHRMLogo -->
        <test-method is-config="true" signature="tearDown()[pri:0, instance:com.orangehrm.test.HomePageTest@1522d8a0]" started-at="2026-02-11T07:35:10 IST" name="tearDown" finished-at="2026-02-11T07:35:12 IST" duration-ms="1951" status="PASS">
          <reporter-output>
          </reporter-output>
        </test-method> <!-- tearDown -->
      </class> <!-- com.orangehrm.test.HomePageTest -->
      <class name="com.orangehrm.test.DummyClass">
        <test-method is-config="true" signature="loadConfig()[pri:0, instance:com.orangehrm.test.DummyClass@3f07b12c]" started-at="2026-02-11T07:33:54 IST" name="loadConfig" finished-at="2026-02-11T07:33:54 IST" duration-ms="86" status="PASS">
          <reporter-output>
          </reporter-output>
        </test-method> <!-- loadConfig -->
        <test-method is-config="true" signature="setup()[pri:0, instance:com.orangehrm.test.DummyClass@3f07b12c]" started-at="2026-02-11T07:33:55 IST" name="setup" finished-at="2026-02-11T07:34:09 IST" duration-ms="14418" status="PASS">
          <reporter-output>
          </reporter-output>
        </test-method> <!-- setup -->
        <test-method signature="dummyTest()[pri:0, instance:com.orangehrm.test.DummyClass@3f07b12c]" started-at="2026-02-11T07:34:09 IST" name="dummyTest" finished-at="2026-02-11T07:35:28 IST" duration-ms="79093" status="PASS">
          <reporter-output>
          </reporter-output>
        </test-method> <!-- dummyTest -->
        <test-method is-config="true" signature="tearDown()[pri:0, instance:com.orangehrm.test.DummyClass@3f07b12c]" started-at="2026-02-11T07:35:28 IST" name="tearDown" finished-at="2026-02-11T07:35:29 IST" duration-ms="792" status="PASS">
          <reporter-output>
          </reporter-output>
        </test-method> <!-- tearDown -->
      </class> <!-- com.orangehrm.test.DummyClass -->
      <class name="com.orangehrm.test.DummyClass2">
        <test-method is-config="true" signature="setup()[pri:0, instance:com.orangehrm.test.DummyClass2@3e14c16d]" started-at="2026-02-11T07:33:55 IST" name="setup" finished-at="2026-02-11T07:34:57 IST" duration-ms="62226" status="PASS">
          <reporter-output>
          </reporter-output>
        </test-method> <!-- setup -->
        <test-method signature="test()[pri:0, instance:com.orangehrm.test.DummyClass2@3e14c16d]" started-at="2026-02-11T07:34:57 IST" name="test" finished-at="2026-02-11T07:34:57 IST" duration-ms="72" status="PASS">
          <reporter-output>
          </reporter-output>
        </test-method> <!-- test -->
        <test-method is-config="true" signature="tearDown()[pri:0, instance:com.orangehrm.test.DummyClass2@3e14c16d]" started-at="2026-02-11T07:34:57 IST" name="tearDown" finished-at="2026-02-11T07:35:00 IST" duration-ms="3478" status="PASS">
          <reporter-output>
          </reporter-output>
        </test-method> <!-- tearDown -->
      </class> <!-- com.orangehrm.test.DummyClass2 -->
      <class name="com.orangehrm.test.LoginPageTest">
        <test-method is-config="true" signature="setup()[pri:0, instance:com.orangehrm.test.LoginPageTest@3c989952]" started-at="2026-02-11T07:33:55 IST" name="setup" finished-at="2026-02-11T07:34:08 IST" duration-ms="13400" status="PASS">
          <reporter-output>
          </reporter-output>
        </test-method> <!-- setup -->
        <test-method is-config="true" signature="setupPages()[pri:0, instance:com.orangehrm.test.LoginPageTest@3c989952]" started-at="2026-02-11T07:34:08 IST" name="setupPages" finished-at="2026-02-11T07:34:08 IST" duration-ms="74" status="PASS">
          <reporter-output>
          </reporter-output>
        </test-method> <!-- setupPages -->
        <test-method signature="verifyValidLoginTest()[pri:1, instance:com.orangehrm.test.LoginPageTest@3c989952]" started-at="2026-02-11T07:34:08 IST" name="verifyValidLoginTest" description="Verify user can login with valid credentials" finished-at="2026-02-11T07:35:16 IST" duration-ms="68158" status="PASS">
          <reporter-output>
          </reporter-output>
        </test-method> <!-- verifyValidLoginTest -->
        <test-method is-config="true" signature="tearDown()[pri:0, instance:com.orangehrm.test.LoginPageTest@3c989952]" started-at="2026-02-11T07:35:16 IST" name="tearDown" finished-at="2026-02-11T07:35:20 IST" duration-ms="3361" status="PASS">
          <reporter-output>
          </reporter-output>
        </test-method> <!-- tearDown -->
        <test-method is-config="true" signature="setup()[pri:0, instance:com.orangehrm.test.LoginPageTest@3c989952]" started-at="2026-02-11T07:35:20 IST" name="setup" finished-at="2026-02-11T07:35:24 IST" duration-ms="4342" status="PASS">
          <reporter-output>
          </reporter-output>
        </test-method> <!-- setup -->
        <test-method is-config="true" signature="setupPages()[pri:0, instance:com.orangehrm.test.LoginPageTest@3c989952]" started-at="2026-02-11T07:35:24 IST" name="setupPages" finished-at="2026-02-11T07:35:24 IST" duration-ms="18" status="PASS">
          <reporter-output>
          </reporter-output>
        </test-method> <!-- setupPages -->
        <test-method signature="invalidLoginTest()[pri:2, instance:com.orangehrm.test.LoginPageTest@3c989952]" started-at="2026-02-11T07:35:24 IST" name="invalidLoginTest" description="Verify error message with invalid credentials" finished-at="2026-02-11T07:35:39 IST" duration-ms="14680" status="FAIL">
          <exception class="java.lang.AssertionError">
            <message>
              <![CDATA[Test Failed: The expected error message 'Invalid credentials1' was not displayed. expected [true] but found [false]]]>
            </message>
            <full-stacktrace>
              <![CDATA[java.lang.AssertionError: Test Failed: The expected error message 'Invalid credentials1' was not displayed. expected [true] but found [false]
at org.testng.Assert.fail(Assert.java:111)
at org.testng.Assert.failNotEquals(Assert.java:1590)
at org.testng.Assert.assertTrue(Assert.java:57)
at com.orangehrm.test.LoginPageTest.invalidLoginTest(LoginPageTest.java:44)
at java.base/jdk.internal.reflect.DirectMethodHandleAccessor.invoke(DirectMethodHandleAccessor.java:103)
at java.base/java.lang.reflect.Method.invoke(Method.java:580)
at org.testng.internal.invokers.MethodInvocationHelper.invokeMethod(MethodInvocationHelper.java:141)
at org.testng.internal.invokers.TestInvoker.invokeMethod(TestInvoker.java:687)
at org.testng.internal.invokers.TestInvoker.invokeTestMethod(TestInvoker.java:230)
at org.testng.internal.invokers.MethodRunner.runInSequence(MethodRunner.java:63)
at org.testng.internal.invokers.TestInvoker$MethodInvocationAgent.invoke(TestInvoker.java:995)
at org.testng.internal.invokers.TestInvoker.invokeTestMethods(TestInvoker.java:203)
at org.testng.internal.invokers.TestMethodWorker.invokeTestMethods(TestMethodWorker.java:154)
at org.testng.internal.invokers.TestMethodWorker.run(TestMethodWorker.java:134)
at java.base/java.util.concurrent.Executors$RunnableAdapter.call(Executors.java:572)
at java.base/java.util.concurrent.FutureTask.run(FutureTask.java:317)
at org.testng.internal.thread.graph.TestNGFutureTask.run(TestNGFutureTask.java:22)
at java.base/java.util.concurrent.ThreadPoolExecutor.runWorker(ThreadPoolExecutor.java:1144)
at java.base/java.util.concurrent.ThreadPoolExecutor$Worker.run(ThreadPoolExecutor.java:642)
at java.base/java.lang.Thread.run(Thread.java:1583)
]]>
            </full-stacktrace>
          </exception> <!-- java.lang.AssertionError -->
          <reporter-output>
          </reporter-output>
        </test-method> <!-- invalidLoginTest -->
        <test-method is-config="true" signature="tearDown()[pri:0, instance:com.orangehrm.test.LoginPageTest@3c989952]" started-at="2026-02-11T07:35:39 IST" name="tearDown" finished-at="2026-02-11T07:35:40 IST" duration-ms="1501" status="PASS">
          <reporter-output>
          </reporter-output>
        </test-method> <!-- tearDown -->
      </class> <!-- com.orangehrm.test.LoginPageTest -->
    </test> <!-- OrangeHRMTest -->
  </suite> <!-- OrangeHRMSuite -->
</testng-results>
