<?xml version="1.0" encoding="UTF-8"?>
<testng-results ignored="0" total="4" passed="4" failed="0" skipped="0">
  <reporter-output>
  </reporter-output>
  <suite started-at="2025-11-10T20:00:33 IST" name="OrangeHRMSuite" finished-at="2025-11-10T20:01:01 IST" duration-ms="28061">
    <groups>
    </groups>
    <test started-at="2025-11-10T20:00:33 IST" name="OrangeHRMTest" finished-at="2025-11-10T20:00:46 IST" duration-ms="13888">
      <class name="com.orangehrm.test.DummyTest">
        <test-method is-config="true" signature="setUp()[pri:0, instance:com.orangehrm.test.DummyTest@3eb738bb]" started-at="2025-11-10T20:00:33 IST" name="setUp" finished-at="2025-11-10T20:00:39 IST" duration-ms="6650" status="PASS">
          <reporter-output>
          </reporter-output>
        </test-method> <!-- setUp -->
        <test-method signature="test()[pri:0, instance:com.orangehrm.test.DummyTest@3eb738bb]" started-at="2025-11-10T20:00:39 IST" name="test" finished-at="2025-11-10T20:00:39 IST" duration-ms="20" status="PASS">
          <reporter-output>
          </reporter-output>
        </test-method> <!-- test -->
        <test-method is-config="true" signature="tearDown()[pri:0, instance:com.orangehrm.test.DummyTest@3eb738bb]" started-at="2025-11-10T20:00:39 IST" name="tearDown" finished-at="2025-11-10T20:00:40 IST" duration-ms="193" status="PASS">
          <reporter-output>
          </reporter-output>
        </test-method> <!-- tearDown -->
      </class> <!-- com.orangehrm.test.DummyTest -->
      <class name="com.orangehrm.test.DummyTest2">
        <test-method is-config="true" signature="setUp()[pri:0, instance:com.orangehrm.test.DummyTest2@179ece50]" started-at="2025-11-10T20:00:40 IST" name="setUp" finished-at="2025-11-10T20:00:46 IST" duration-ms="6710" status="PASS">
          <reporter-output>
          </reporter-output>
        </test-method> <!-- setUp -->
        <test-method signature="test()[pri:0, instance:com.orangehrm.test.DummyTest2@179ece50]" started-at="2025-11-10T20:00:46 IST" name="test" finished-at="2025-11-10T20:00:46 IST" duration-ms="13" status="PASS">
          <reporter-output>
          </reporter-output>
        </test-method> <!-- test -->
        <test-method is-config="true" signature="tearDown()[pri:0, instance:com.orangehrm.test.DummyTest2@179ece50]" started-at="2025-11-10T20:00:46 IST" name="tearDown" finished-at="2025-11-10T20:00:46 IST" duration-ms="264" status="PASS">
          <reporter-output>
          </reporter-output>
        </test-method> <!-- tearDown -->
      </class> <!-- com.orangehrm.test.DummyTest2 -->
    </test> <!-- OrangeHRMTest -->
    <test started-at="2025-11-10T20:00:47 IST" name="OrangeHRMTest1" finished-at="2025-11-10T20:01:01 IST" duration-ms="14095">
      <class name="com.orangehrm.test.DummyTest">
        <test-method is-config="true" signature="loadConfig()[pri:0, instance:com.orangehrm.test.DummyTest@3d34d211]" started-at="2025-11-10T20:00:33 IST" name="loadConfig" finished-at="2025-11-10T20:00:33 IST" duration-ms="11" status="PASS">
          <reporter-output>
          </reporter-output>
        </test-method> <!-- loadConfig -->
        <test-method is-config="true" signature="setUp()[pri:0, instance:com.orangehrm.test.DummyTest@3d34d211]" started-at="2025-11-10T20:00:47 IST" name="setUp" finished-at="2025-11-10T20:00:53 IST" duration-ms="6801" status="PASS">
          <reporter-output>
          </reporter-output>
        </test-method> <!-- setUp -->
        <test-method signature="test()[pri:0, instance:com.orangehrm.test.DummyTest@3d34d211]" started-at="2025-11-10T20:00:53 IST" name="test" finished-at="2025-11-10T20:00:53 IST" duration-ms="17" status="PASS">
          <reporter-output>
          </reporter-output>
        </test-method> <!-- test -->
        <test-method is-config="true" signature="tearDown()[pri:0, instance:com.orangehrm.test.DummyTest@3d34d211]" started-at="2025-11-10T20:00:53 IST" name="tearDown" finished-at="2025-11-10T20:00:54 IST" duration-ms="155" status="PASS">
          <reporter-output>
          </reporter-output>
        </test-method> <!-- tearDown -->
      </class> <!-- com.orangehrm.test.DummyTest -->
      <class name="com.orangehrm.test.DummyTest2">
        <test-method is-config="true" signature="setUp()[pri:0, instance:com.orangehrm.test.DummyTest2@7dc0f706]" started-at="2025-11-10T20:00:54 IST" name="setUp" finished-at="2025-11-10T20:01:00 IST" duration-ms="6943" status="PASS">
          <reporter-output>
          </reporter-output>
        </test-method> <!-- setUp -->
        <test-method signature="test()[pri:0, instance:com.orangehrm.test.DummyTest2@7dc0f706]" started-at="2025-11-10T20:01:00 IST" name="test" finished-at="2025-11-10T20:01:01 IST" duration-ms="10" status="PASS">
          <reporter-output>
          </reporter-output>
        </test-method> <!-- test -->
        <test-method is-config="true" signature="tearDown()[pri:0, instance:com.orangehrm.test.DummyTest2@7dc0f706]" started-at="2025-11-10T20:01:01 IST" name="tearDown" finished-at="2025-11-10T20:01:01 IST" duration-ms="161" status="PASS">
          <reporter-output>
          </reporter-output>
        </test-method> <!-- tearDown -->
      </class> <!-- com.orangehrm.test.DummyTest2 -->
    </test> <!-- OrangeHRMTest1 -->
  </suite> <!-- OrangeHRMSuite -->
</testng-results>
