<?xml version="1.0" encoding="UTF-8"?>
<testng-results ignored="1" total="2" passed="1" failed="0" skipped="0">
  <reporter-output>
  </reporter-output>
  <suite started-at="2026-02-09T22:38:22 IST" name="Default suite" finished-at="2026-02-09T22:39:41 IST" duration-ms="79294">
    <groups>
    </groups>
    <test started-at="2026-02-09T22:38:22 IST" name="Default test" finished-at="2026-02-09T22:39:41 IST" duration-ms="79294">
      <class name="com.orangehrm.test.LoginPageTest">
        <test-method is-config="true" signature="loadConfig()[pri:0, instance:com.orangehrm.test.LoginPageTest@29d80d2b]" started-at="2026-02-09T22:38:22 IST" name="loadConfig" finished-at="2026-02-09T22:38:22 IST" duration-ms="18" status="PASS">
          <reporter-output>
          </reporter-output>
        </test-method> <!-- loadConfig -->
        <test-method is-config="true" signature="setup()[pri:0, instance:com.orangehrm.test.LoginPageTest@29d80d2b]" started-at="2026-02-09T22:38:22 IST" name="setup" finished-at="2026-02-09T22:39:15 IST" duration-ms="53211" status="PASS">
          <reporter-output>
          </reporter-output>
        </test-method> <!-- setup -->
        <test-method is-config="true" signature="setupPages()[pri:0, instance:com.orangehrm.test.LoginPageTest@29d80d2b]" started-at="2026-02-09T22:39:15 IST" name="setupPages" finished-at="2026-02-09T22:39:15 IST" duration-ms="15" status="PASS">
          <reporter-output>
          </reporter-output>
        </test-method> <!-- setupPages -->
        <test-method signature="verifyValidLoginTest()[pri:0, instance:com.orangehrm.test.LoginPageTest@29d80d2b]" started-at="2026-02-09T22:39:15 IST" name="verifyValidLoginTest" finished-at="2026-02-09T22:39:41 IST" duration-ms="25775" status="PASS">
          <reporter-output>
          </reporter-output>
        </test-method> <!-- verifyValidLoginTest -->
        <test-method is-config="true" signature="tearDown()[pri:0, instance:com.orangehrm.test.LoginPageTest@29d80d2b]" started-at="2026-02-09T22:39:41 IST" name="tearDown" finished-at="2026-02-09T22:39:41 IST" duration-ms="234" status="PASS">
          <reporter-output>
          </reporter-output>
        </test-method> <!-- tearDown -->
      </class> <!-- com.orangehrm.test.LoginPageTest -->
    </test> <!-- Default test -->
  </suite> <!-- Default suite -->
</testng-results>
