<?xml version="1.0" encoding="UTF-8"?>
<testng-results ignored="0" total="1" passed="1" failed="0" skipped="0">
  <reporter-output>
  </reporter-output>
  <suite started-at="2025-11-10T16:03:24 IST" name="OrangeHRMSuite" finished-at="2025-11-10T16:03:31 IST" duration-ms="6975">
    <groups>
    </groups>
    <test started-at="2025-11-10T16:03:24 IST" name="OrangeHRMTest" finished-at="2025-11-10T16:03:31 IST" duration-ms="6975">
      <class name="com.orangehrm.test.DummyTest">
        <test-method is-config="true" signature="loadConfig()[pri:0, instance:com.orangehrm.test.DummyTest@3b69e7d1]" started-at="2025-11-10T16:03:24 IST" name="loadConfig" finished-at="2025-11-10T16:03:24 IST" duration-ms="11" status="PASS">
          <reporter-output>
          </reporter-output>
        </test-method> <!-- loadConfig -->
        <test-method is-config="true" signature="setUp()[pri:0, instance:com.orangehrm.test.DummyTest@3b69e7d1]" started-at="2025-11-10T16:03:24 IST" name="setUp" finished-at="2025-11-10T16:03:30 IST" duration-ms="6587" status="PASS">
          <reporter-output>
          </reporter-output>
        </test-method> <!-- setUp -->
        <test-method signature="test()[pri:0, instance:com.orangehrm.test.DummyTest@3b69e7d1]" started-at="2025-11-10T16:03:30 IST" name="test" finished-at="2025-11-10T16:03:30 IST" duration-ms="35" status="PASS">
          <reporter-output>
          </reporter-output>
        </test-method> <!-- test -->
        <test-method is-config="true" signature="tearDown()[pri:0, instance:com.orangehrm.test.DummyTest@3b69e7d1]" started-at="2025-11-10T16:03:30 IST" name="tearDown" finished-at="2025-11-10T16:03:31 IST" duration-ms="319" status="PASS">
          <reporter-output>
          </reporter-output>
        </test-method> <!-- tearDown -->
      </class> <!-- com.orangehrm.test.DummyTest -->
    </test> <!-- OrangeHRMTest -->
  </suite> <!-- OrangeHRMSuite -->
</testng-results>
